{"C:\\Users\\user\\Desktop\\Новая папка\\rs-react-app\\src\\components\\Card\\Card.tsx": {"path":"C:\\Users\\user\\Desktop\\Новая папка\\rs-react-app\\src\\components\\Card\\Card.tsx","statementMap":{"0":{"start":{"line":1,"column":0},"end":{"line":1,"column":26}},"1":{"start":{"line":2,"column":0},"end":{"line":2,"column":35}},"2":{"start":{"line":11,"column":32},"end":{"line":11,"column":42}},"3":{"start":{"line":12,"column":23},"end":{"line":12,"column":76}},"4":{"start":{"line":14,"column":4},"end":{"line":21,"column":6}},"5":{"start":{"line":25,"column":0},"end":{"line":25,"column":20}}},"fnMap":{"0":{"name":"(anonymous_1)","decl":{"start":{"line":10,"column":2},"end":{"line":10,"column":8}},"loc":{"start":{"line":10,"column":8},"end":{"line":22,"column":3}}}},"branchMap":{"0":{"loc":{"start":{"line":12,"column":23},"end":{"line":12,"column":76}},"type":"binary-expr","locations":[{"start":{"line":12,"column":23},"end":{"line":12,"column":39}},{"start":{"line":12,"column":43},"end":{"line":12,"column":76}}]},"1":{"loc":{"start":{"line":12,"column":23},"end":{"line":12,"column":39}},"type":"cond-expr","locations":[{"start":{"line":12,"column":31},"end":{"line":12,"column":33}},{"start":{"line":12,"column":23},"end":{"line":12,"column":39}}]},"2":{"loc":{"start":{"line":12,"column":23},"end":{"line":12,"column":33}},"type":"binary-expr","locations":[{"start":{"line":12,"column":23},"end":{"line":12,"column":33}},{"start":{"line":12,"column":23},"end":{"line":12,"column":33}}]}},"s":{"0":1,"1":1,"2":3,"3":3,"4":3,"5":1},"f":{"0":3},"b":{"0":[3,2],"1":[1,2],"2":[3,3]}}
,"C:\\Users\\user\\Desktop\\Новая папка\\rs-react-app\\src\\components\\CardList\\CardList.tsx": {"path":"C:\\Users\\user\\Desktop\\Новая папка\\rs-react-app\\src\\components\\CardList\\CardList.tsx","statementMap":{"0":{"start":{"line":1,"column":0},"end":{"line":1,"column":26}},"1":{"start":{"line":2,"column":0},"end":{"line":2,"column":32}},"2":{"start":{"line":3,"column":0},"end":{"line":3,"column":56}},"3":{"start":{"line":4,"column":0},"end":{"line":4,"column":39}},"4":{"start":{"line":16,"column":4},"end":{"line":24,"column":5}},"5":{"start":{"line":17,"column":6},"end":{"line":23,"column":8}},"6":{"start":{"line":20,"column":12},"end":{"line":20,"column":36}},"7":{"start":{"line":26,"column":4},"end":{"line":32,"column":6}},"8":{"start":{"line":29,"column":10},"end":{"line":29,"column":74}},"9":{"start":{"line":36,"column":0},"end":{"line":36,"column":24}}},"fnMap":{"0":{"name":"(anonymous_1)","decl":{"start":{"line":15,"column":2},"end":{"line":15,"column":8}},"loc":{"start":{"line":15,"column":8},"end":{"line":33,"column":3}}},"1":{"name":"(anonymous_2)","decl":{"start":{"line":19,"column":41},"end":{"line":19,"column":42}},"loc":{"start":{"line":20,"column":12},"end":{"line":20,"column":36}}},"2":{"name":"(anonymous_3)","decl":{"start":{"line":28,"column":30},"end":{"line":28,"column":31}},"loc":{"start":{"line":29,"column":10},"end":{"line":29,"column":74}}}},"branchMap":{"0":{"loc":{"start":{"line":16,"column":4},"end":{"line":24,"column":5}},"type":"if","locations":[{"start":{"line":16,"column":4},"end":{"line":24,"column":5}},{"start":{},"end":{}}]}},"s":{"0":1,"1":1,"2":1,"3":1,"4":2,"5":1,"6":6,"7":1,"8":2,"9":1},"f":{"0":2,"1":6,"2":2},"b":{"0":[1,1]}}
,"C:\\Users\\user\\Desktop\\Новая папка\\rs-react-app\\src\\components\\Header\\Header.tsx": {"path":"C:\\Users\\user\\Desktop\\Новая папка\\rs-react-app\\src\\components\\Header\\Header.tsx","statementMap":{"0":{"start":{"line":1,"column":0},"end":{"line":1,"column":26}},"1":{"start":{"line":2,"column":0},"end":{"line":2,"column":37}},"2":{"start":{"line":3,"column":0},"end":{"line":3,"column":38}},"3":{"start":{"line":11,"column":4},"end":{"line":22,"column":6}},"4":{"start":{"line":26,"column":0},"end":{"line":26,"column":22}}},"fnMap":{"0":{"name":"(anonymous_1)","decl":{"start":{"line":10,"column":2},"end":{"line":10,"column":8}},"loc":{"start":{"line":10,"column":8},"end":{"line":23,"column":3}}}},"branchMap":{},"s":{"0":1,"1":1,"2":1,"3":2,"4":1},"f":{"0":2},"b":{}}
,"C:\\Users\\user\\Desktop\\Новая папка\\rs-react-app\\src\\components\\Search\\Search.tsx": {"path":"C:\\Users\\user\\Desktop\\Новая папка\\rs-react-app\\src\\components\\Search\\Search.tsx","statementMap":{"0":{"start":{"line":1,"column":0},"end":{"line":1,"column":41}},"1":{"start":{"line":2,"column":0},"end":{"line":2,"column":37}},"2":{"start":{"line":14,"column":4},"end":{"line":14,"column":17}},"3":{"start":{"line":20,"column":2},"end":{"line":22,"column":4}},"4":{"start":{"line":21,"column":4},"end":{"line":21,"column":54}},"5":{"start":{"line":24,"column":2},"end":{"line":28,"column":4}},"6":{"start":{"line":25,"column":27},"end":{"line":25,"column":37}},"7":{"start":{"line":26,"column":4},"end":{"line":26,"column":43}},"8":{"start":{"line":27,"column":4},"end":{"line":27,"column":58}},"9":{"start":{"line":15,"column":4},"end":{"line":17,"column":6}},"10":{"start":{"line":31,"column":4},"end":{"line":44,"column":6}},"11":{"start":{"line":48,"column":0},"end":{"line":48,"column":22}}},"fnMap":{"0":{"name":"(anonymous_10)","decl":{"start":{"line":13,"column":2},"end":{"line":13,"column":14}},"loc":{"start":{"line":13,"column":32},"end":{"line":18,"column":3}}},"1":{"name":"(anonymous_11)","decl":{"start":{"line":20,"column":22},"end":{"line":20,"column":23}},"loc":{"start":{"line":20,"column":69},"end":{"line":22,"column":3}}},"2":{"name":"(anonymous_12)","decl":{"start":{"line":24,"column":17},"end":{"line":24,"column":20}},"loc":{"start":{"line":24,"column":22},"end":{"line":28,"column":3}}},"3":{"name":"(anonymous_13)","decl":{"start":{"line":30,"column":2},"end":{"line":30,"column":8}},"loc":{"start":{"line":30,"column":8},"end":{"line":45,"column":3}}}},"branchMap":{"0":{"loc":{"start":{"line":16,"column":18},"end":{"line":16,"column":58}},"type":"binary-expr","locations":[{"start":{"line":16,"column":18},"end":{"line":16,"column":52}},{"start":{"line":16,"column":56},"end":{"line":16,"column":58}}]}},"s":{"0":1,"1":1,"2":3,"3":3,"4":20,"5":3,"6":1,"7":1,"8":1,"9":3,"10":23,"11":1},"f":{"0":3,"1":20,"2":1,"3":23},"b":{"0":[3,2]}}
}
