{"C:\\Users\\user\\Desktop\\Новая папка\\rs-react-app\\src\\components\\Card\\Card.tsx": {"path":"C:\\Users\\user\\Desktop\\Новая папка\\rs-react-app\\src\\components\\Card\\Card.tsx","statementMap":{"0":{"start":{"line":1,"column":0},"end":{"line":1,"column":26}},"1":{"start":{"line":2,"column":0},"end":{"line":2,"column":35}},"2":{"start":{"line":11,"column":32},"end":{"line":11,"column":42}},"3":{"start":{"line":12,"column":23},"end":{"line":12,"column":76}},"4":{"start":{"line":14,"column":4},"end":{"line":21,"column":6}},"5":{"start":{"line":25,"column":0},"end":{"line":25,"column":20}}},"fnMap":{"0":{"name":"(anonymous_1)","decl":{"start":{"line":10,"column":2},"end":{"line":10,"column":8}},"loc":{"start":{"line":10,"column":8},"end":{"line":22,"column":3}}}},"branchMap":{"0":{"loc":{"start":{"line":12,"column":23},"end":{"line":12,"column":76}},"type":"binary-expr","locations":[{"start":{"line":12,"column":23},"end":{"line":12,"column":39}},{"start":{"line":12,"column":43},"end":{"line":12,"column":76}}]},"1":{"loc":{"start":{"line":12,"column":23},"end":{"line":12,"column":39}},"type":"cond-expr","locations":[{"start":{"line":12,"column":31},"end":{"line":12,"column":33}},{"start":{"line":12,"column":23},"end":{"line":12,"column":39}}]},"2":{"loc":{"start":{"line":12,"column":23},"end":{"line":12,"column":33}},"type":"binary-expr","locations":[{"start":{"line":12,"column":23},"end":{"line":12,"column":33}},{"start":{"line":12,"column":23},"end":{"line":12,"column":33}}]}},"s":{"0":2,"1":2,"2":7,"3":7,"4":7,"5":2},"f":{"0":7},"b":{"0":[7,2],"1":[1,6],"2":[7,7]}}
,"C:\\Users\\user\\Desktop\\Новая папка\\rs-react-app\\src\\components\\CardList\\CardList.tsx": {"path":"C:\\Users\\user\\Desktop\\Новая папка\\rs-react-app\\src\\components\\CardList\\CardList.tsx","statementMap":{"0":{"start":{"line":1,"column":0},"end":{"line":1,"column":26}},"1":{"start":{"line":2,"column":0},"end":{"line":2,"column":32}},"2":{"start":{"line":3,"column":0},"end":{"line":3,"column":56}},"3":{"start":{"line":4,"column":0},"end":{"line":4,"column":39}},"4":{"start":{"line":16,"column":4},"end":{"line":27,"column":5}},"5":{"start":{"line":17,"column":6},"end":{"line":26,"column":8}},"6":{"start":{"line":29,"column":4},"end":{"line":35,"column":6}},"7":{"start":{"line":32,"column":10},"end":{"line":32,"column":74}},"8":{"start":{"line":39,"column":0},"end":{"line":39,"column":24}}},"fnMap":{"0":{"name":"(anonymous_1)","decl":{"start":{"line":15,"column":2},"end":{"line":15,"column":8}},"loc":{"start":{"line":15,"column":8},"end":{"line":36,"column":3}}},"1":{"name":"(anonymous_2)","decl":{"start":{"line":31,"column":30},"end":{"line":31,"column":31}},"loc":{"start":{"line":32,"column":10},"end":{"line":32,"column":74}}}},"branchMap":{"0":{"loc":{"start":{"line":16,"column":4},"end":{"line":27,"column":5}},"type":"if","locations":[{"start":{"line":16,"column":4},"end":{"line":27,"column":5}},{"start":{},"end":{}}]}},"s":{"0":2,"1":2,"2":2,"3":2,"4":18,"5":8,"6":10,"7":6,"8":2},"f":{"0":18,"1":6},"b":{"0":[8,10]}}
,"C:\\Users\\user\\Desktop\\Новая папка\\rs-react-app\\src\\components\\CardSkeleton\\CardSkeleton.tsx": {"path":"C:\\Users\\user\\Desktop\\Новая папка\\rs-react-app\\src\\components\\CardSkeleton\\CardSkeleton.tsx","statementMap":{"0":{"start":{"line":1,"column":0},"end":{"line":1,"column":26}},"1":{"start":{"line":2,"column":0},"end":{"line":2,"column":43}},"2":{"start":{"line":6,"column":4},"end":{"line":12,"column":6}},"3":{"start":{"line":16,"column":0},"end":{"line":16,"column":28}}},"fnMap":{"0":{"name":"(anonymous_1)","decl":{"start":{"line":5,"column":2},"end":{"line":5,"column":8}},"loc":{"start":{"line":5,"column":8},"end":{"line":13,"column":3}}}},"branchMap":{},"s":{"0":1,"1":1,"2":42,"3":1},"f":{"0":42},"b":{}}
,"C:\\Users\\user\\Desktop\\Новая папка\\rs-react-app\\src\\components\\ErrorBoundary\\ErrorBoundary.tsx": {"path":"C:\\Users\\user\\Desktop\\Новая папка\\rs-react-app\\src\\components\\ErrorBoundary\\ErrorBoundary.tsx","statementMap":{"0":{"start":{"line":1,"column":0},"end":{"line":1,"column":41}},"1":{"start":{"line":3,"column":0},"end":{"line":3,"column":44}},"2":{"start":{"line":17,"column":4},"end":{"line":17,"column":17}},"3":{"start":{"line":18,"column":4},"end":{"line":18,"column":50}},"4":{"start":{"line":22,"column":4},"end":{"line":22,"column":37}},"5":{"start":{"line":26,"column":4},"end":{"line":26,"column":70}},"6":{"start":{"line":30,"column":25},"end":{"line":30,"column":35}},"7":{"start":{"line":32,"column":4},"end":{"line":48,"column":5}},"8":{"start":{"line":33,"column":6},"end":{"line":47,"column":8}},"9":{"start":{"line":41,"column":28},"end":{"line":41,"column":76}},"10":{"start":{"line":50,"column":4},"end":{"line":50,"column":31}},"11":{"start":{"line":54,"column":0},"end":{"line":54,"column":29}}},"fnMap":{"0":{"name":"(anonymous_10)","decl":{"start":{"line":16,"column":2},"end":{"line":16,"column":14}},"loc":{"start":{"line":16,"column":39},"end":{"line":19,"column":3}}},"1":{"name":"(anonymous_11)","decl":{"start":{"line":21,"column":2},"end":{"line":21,"column":8}},"loc":{"start":{"line":21,"column":46},"end":{"line":23,"column":3}}},"2":{"name":"(anonymous_12)","decl":{"start":{"line":25,"column":2},"end":{"line":25,"column":19}},"loc":{"start":{"line":25,"column":60},"end":{"line":27,"column":3}}},"3":{"name":"(anonymous_13)","decl":{"start":{"line":29,"column":2},"end":{"line":29,"column":8}},"loc":{"start":{"line":29,"column":8},"end":{"line":51,"column":3}}},"4":{"name":"(anonymous_14)","decl":{"start":{"line":41,"column":21},"end":{"line":41,"column":24}},"loc":{"start":{"line":41,"column":28},"end":{"line":41,"column":76}}}},"branchMap":{"0":{"loc":{"start":{"line":32,"column":4},"end":{"line":48,"column":5}},"type":"if","locations":[{"start":{"line":32,"column":4},"end":{"line":48,"column":5}},{"start":{},"end":{}}]},"1":{"loc":{"start":{"line":38,"column":13},"end":{"line":38,"column":38}},"type":"cond-expr","locations":[{"start":{"line":38,"column":29},"end":{"line":38,"column":31}},{"start":{"line":38,"column":31},"end":{"line":38,"column":38}}]},"2":{"loc":{"start":{"line":38,"column":13},"end":{"line":38,"column":31}},"type":"binary-expr","locations":[{"start":{"line":38,"column":13},"end":{"line":38,"column":31}},{"start":{"line":38,"column":29},"end":{"line":38,"column":31}}]},"3":{"loc":{"start":{"line":41,"column":28},"end":{"line":41,"column":76}},"type":"cond-expr","locations":[{"start":{"line":41,"column":39},"end":{"line":41,"column":49}},{"start":{"line":41,"column":52},"end":{"line":41,"column":76}}]}},"s":{"0":1,"1":1,"2":6,"3":5,"4":4,"5":2,"6":9,"7":9,"8":4,"9":1,"10":5,"11":1},"f":{"0":6,"1":4,"2":2,"3":9,"4":1},"b":{"0":[4,5],"1":[0,4],"2":[4,4],"3":[1,0]}}
,"C:\\Users\\user\\Desktop\\Новая папка\\rs-react-app\\src\\components\\Header\\Header.tsx": {"path":"C:\\Users\\user\\Desktop\\Новая папка\\rs-react-app\\src\\components\\Header\\Header.tsx","statementMap":{"0":{"start":{"line":1,"column":0},"end":{"line":1,"column":26}},"1":{"start":{"line":2,"column":0},"end":{"line":2,"column":37}},"2":{"start":{"line":3,"column":0},"end":{"line":3,"column":38}},"3":{"start":{"line":11,"column":4},"end":{"line":22,"column":6}},"4":{"start":{"line":26,"column":0},"end":{"line":26,"column":22}}},"fnMap":{"0":{"name":"(anonymous_1)","decl":{"start":{"line":10,"column":2},"end":{"line":10,"column":8}},"loc":{"start":{"line":10,"column":8},"end":{"line":23,"column":3}}}},"branchMap":{},"s":{"0":2,"1":2,"2":2,"3":18,"4":2},"f":{"0":18},"b":{}}
,"C:\\Users\\user\\Desktop\\Новая папка\\rs-react-app\\src\\components\\MainBlock\\MainBlock.tsx": {"path":"C:\\Users\\user\\Desktop\\Новая папка\\rs-react-app\\src\\components\\MainBlock\\MainBlock.tsx","statementMap":{"0":{"start":{"line":1,"column":0},"end":{"line":1,"column":26}},"1":{"start":{"line":2,"column":0},"end":{"line":2,"column":44}},"2":{"start":{"line":3,"column":0},"end":{"line":3,"column":38}},"3":{"start":{"line":4,"column":0},"end":{"line":4,"column":40}},"4":{"start":{"line":6,"column":0},"end":{"line":6,"column":70}},"5":{"start":{"line":26,"column":4},"end":{"line":26,"column":17}},"6":{"start":{"line":42,"column":2},"end":{"line":73,"column":4}},"7":{"start":{"line":42,"column":25},"end":{"line":73,"column":4}},"8":{"start":{"line":43,"column":35},"end":{"line":43,"column":45}},"9":{"start":{"line":44,"column":20},"end":{"line":44,"column":32}},"10":{"start":{"line":45,"column":4},"end":{"line":45,"column":48}},"11":{"start":{"line":47,"column":4},"end":{"line":47,"column":50}},"12":{"start":{"line":49,"column":4},"end":{"line":72,"column":5}},"13":{"start":{"line":50,"column":31},"end":{"line":50,"column":33}},"14":{"start":{"line":52,"column":6},"end":{"line":55,"column":7}},"15":{"start":{"line":53,"column":26},"end":{"line":53,"column":59}},"16":{"start":{"line":54,"column":8},"end":{"line":54,"column":54}},"17":{"start":{"line":54,"column":44},"end":{"line":54,"column":52}},"18":{"start":{"line":57,"column":24},"end":{"line":57,"column":67}},"19":{"start":{"line":59,"column":35},"end":{"line":63,"column":9}},"20":{"start":{"line":59,"column":59},"end":{"line":63,"column":9}},"21":{"start":{"line":65,"column":6},"end":{"line":65,"column":42}},"22":{"start":{"line":67,"column":28},"end":{"line":67,"column":79}},"23":{"start":{"line":68,"column":6},"end":{"line":68,"column":34}},"24":{"start":{"line":69,"column":6},"end":{"line":69,"column":45}},"25":{"start":{"line":71,"column":6},"end":{"line":71,"column":40}},"26":{"start":{"line":75,"column":2},"end":{"line":77,"column":4}},"27":{"start":{"line":76,"column":4},"end":{"line":76,"column":71}},"28":{"start":{"line":79,"column":2},"end":{"line":81,"column":4}},"29":{"start":{"line":80,"column":4},"end":{"line":80,"column":71}},"30":{"start":{"line":80,"column":29},"end":{"line":80,"column":52}},"31":{"start":{"line":83,"column":2},"end":{"line":88,"column":4}},"32":{"start":{"line":84,"column":4},"end":{"line":87,"column":6}},"33":{"start":{"line":85,"column":17},"end":{"line":85,"column":53}},"34":{"start":{"line":27,"column":4},"end":{"line":35,"column":6}},"35":{"start":{"line":39,"column":4},"end":{"line":39,"column":21}},"36":{"start":{"line":91,"column":44},"end":{"line":91,"column":54}},"37":{"start":{"line":92,"column":4},"end":{"line":94,"column":5}},"38":{"start":{"line":93,"column":6},"end":{"line":93,"column":65}},"39":{"start":{"line":95,"column":4},"end":{"line":132,"column":6}},"40":{"start":{"line":124,"column":14},"end":{"line":124,"column":50}},"41":{"start":{"line":136,"column":0},"end":{"line":136,"column":25}}},"fnMap":{"0":{"name":"(anonymous_8)","decl":{"start":{"line":25,"column":2},"end":{"line":25,"column":14}},"loc":{"start":{"line":25,"column":23},"end":{"line":36,"column":3}}},"1":{"name":"(anonymous_9)","decl":{"start":{"line":42,"column":14},"end":{"line":42,"column":23}},"loc":{"start":{"line":42,"column":25},"end":{"line":73,"column":4}}},"2":{"name":"(anonymous_10)","decl":{"start":{"line":42,"column":25},"end":{"line":42,"column":null}},"loc":{"start":{"line":42,"column":25},"end":{"line":73,"column":3}}},"3":{"name":"(anonymous_11)","decl":{"start":{"line":54,"column":33},"end":{"line":54,"column":34}},"loc":{"start":{"line":54,"column":44},"end":{"line":54,"column":52}}},"4":{"name":"(anonymous_12)","decl":{"start":{"line":59,"column":49},"end":{"line":59,"column":50}},"loc":{"start":{"line":59,"column":58},"end":{"line":63,"column":9}}},"5":{"name":"(anonymous_13)","decl":{"start":{"line":75,"column":17},"end":{"line":75,"column":18}},"loc":{"start":{"line":75,"column":38},"end":{"line":77,"column":3}}},"6":{"name":"(anonymous_14)","decl":{"start":{"line":79,"column":19},"end":{"line":79,"column":22}},"loc":{"start":{"line":79,"column":24},"end":{"line":81,"column":3}}},"7":{"name":"(anonymous_15)","decl":{"start":{"line":80,"column":18},"end":{"line":80,"column":19}},"loc":{"start":{"line":80,"column":29},"end":{"line":80,"column":52}}},"8":{"name":"(anonymous_16)","decl":{"start":{"line":83,"column":19},"end":{"line":83,"column":22}},"loc":{"start":{"line":83,"column":24},"end":{"line":88,"column":3}}},"9":{"name":"(anonymous_17)","decl":{"start":{"line":85,"column":6},"end":{"line":85,"column":7}},"loc":{"start":{"line":85,"column":17},"end":{"line":85,"column":53}}},"10":{"name":"(anonymous_18)","decl":{"start":{"line":38,"column":2},"end":{"line":38,"column":19}},"loc":{"start":{"line":38,"column":19},"end":{"line":40,"column":3}}},"11":{"name":"(anonymous_19)","decl":{"start":{"line":90,"column":2},"end":{"line":90,"column":8}},"loc":{"start":{"line":90,"column":8},"end":{"line":133,"column":3}}},"12":{"name":"(anonymous_20)","decl":{"start":{"line":123,"column":21},"end":{"line":123,"column":24}},"loc":{"start":{"line":123,"column":26},"end":{"line":125,"column":13}}}},"branchMap":{"0":{"loc":{"start":{"line":52,"column":6},"end":{"line":55,"column":7}},"type":"if","locations":[{"start":{"line":52,"column":6},"end":{"line":55,"column":7}},{"start":{},"end":{}}]},"1":{"loc":{"start":{"line":62,"column":15},"end":{"line":62,"column":52}},"type":"binary-expr","locations":[{"start":{"line":62,"column":15},"end":{"line":62,"column":37}},{"start":{"line":62,"column":41},"end":{"line":62,"column":52}}]},"2":{"loc":{"start":{"line":62,"column":15},"end":{"line":62,"column":37}},"type":"cond-expr","locations":[{"start":{"line":62,"column":31},"end":{"line":62,"column":33}},{"start":{"line":62,"column":31},"end":{"line":62,"column":37}}]},"3":{"loc":{"start":{"line":62,"column":15},"end":{"line":62,"column":33}},"type":"binary-expr","locations":[{"start":{"line":62,"column":15},"end":{"line":62,"column":33}},{"start":{"line":62,"column":31},"end":{"line":62,"column":33}}]},"4":{"loc":{"start":{"line":62,"column":15},"end":{"line":62,"column":31}},"type":"cond-expr","locations":[{"start":{"line":62,"column":26},"end":{"line":62,"column":29}},{"start":{"line":62,"column":26},"end":{"line":62,"column":31}}]},"5":{"loc":{"start":{"line":62,"column":15},"end":{"line":62,"column":29}},"type":"binary-expr","locations":[{"start":{"line":62,"column":15},"end":{"line":62,"column":29}},{"start":{"line":62,"column":26},"end":{"line":62,"column":29}}]},"6":{"loc":{"start":{"line":67,"column":28},"end":{"line":67,"column":79}},"type":"binary-expr","locations":[{"start":{"line":67,"column":28},"end":{"line":67,"column":49}},{"start":{"line":67,"column":53},"end":{"line":67,"column":79}}]},"7":{"loc":{"start":{"line":31,"column":13},"end":{"line":31,"column":53}},"type":"binary-expr","locations":[{"start":{"line":31,"column":13},"end":{"line":31,"column":47}},{"start":{"line":31,"column":51},"end":{"line":31,"column":53}}]},"8":{"loc":{"start":{"line":92,"column":4},"end":{"line":94,"column":5}},"type":"if","locations":[{"start":{"line":92,"column":4},"end":{"line":94,"column":5}},{"start":{},"end":{}}]},"9":{"loc":{"start":{"line":99,"column":9},"end":{"line":99,"column":69}},"type":"binary-expr","locations":[{"start":{"line":99,"column":9},"end":{"line":99,"column":14}},{"start":{"line":99,"column":18},"end":{"line":99,"column":69}}]}},"s":{"0":1,"1":1,"2":1,"3":1,"4":1,"5":5,"6":4,"7":6,"8":6,"9":6,"10":6,"11":6,"12":6,"13":6,"14":6,"15":0,"16":0,"17":0,"18":6,"19":5,"20":5,"21":5,"22":1,"23":1,"24":1,"25":6,"26":4,"27":0,"28":4,"29":1,"30":1,"31":4,"32":1,"33":1,"34":4,"35":4,"36":18,"37":18,"38":2,"39":16,"40":1,"41":1},"f":{"0":5,"1":6,"2":6,"3":0,"4":5,"5":0,"6":1,"7":1,"8":1,"9":1,"10":4,"11":18,"12":1},"b":{"0":[0,6],"1":[5,0],"2":[0,5],"3":[5,5],"4":[0,5],"5":[5,5],"6":[1,0],"7":[4,4],"8":[2,16],"9":[16,1]}}
,"C:\\Users\\user\\Desktop\\Новая папка\\rs-react-app\\src\\components\\Search\\Search.tsx": {"path":"C:\\Users\\user\\Desktop\\Новая папка\\rs-react-app\\src\\components\\Search\\Search.tsx","statementMap":{"0":{"start":{"line":1,"column":0},"end":{"line":1,"column":41}},"1":{"start":{"line":2,"column":0},"end":{"line":2,"column":37}},"2":{"start":{"line":14,"column":4},"end":{"line":14,"column":17}},"3":{"start":{"line":20,"column":2},"end":{"line":22,"column":4}},"4":{"start":{"line":21,"column":4},"end":{"line":21,"column":54}},"5":{"start":{"line":24,"column":2},"end":{"line":28,"column":4}},"6":{"start":{"line":25,"column":27},"end":{"line":25,"column":37}},"7":{"start":{"line":26,"column":4},"end":{"line":26,"column":43}},"8":{"start":{"line":27,"column":4},"end":{"line":27,"column":58}},"9":{"start":{"line":15,"column":4},"end":{"line":17,"column":6}},"10":{"start":{"line":31,"column":4},"end":{"line":44,"column":6}},"11":{"start":{"line":48,"column":0},"end":{"line":48,"column":22}}},"fnMap":{"0":{"name":"(anonymous_10)","decl":{"start":{"line":13,"column":2},"end":{"line":13,"column":14}},"loc":{"start":{"line":13,"column":32},"end":{"line":18,"column":3}}},"1":{"name":"(anonymous_11)","decl":{"start":{"line":20,"column":22},"end":{"line":20,"column":23}},"loc":{"start":{"line":20,"column":69},"end":{"line":22,"column":3}}},"2":{"name":"(anonymous_12)","decl":{"start":{"line":24,"column":17},"end":{"line":24,"column":20}},"loc":{"start":{"line":24,"column":22},"end":{"line":28,"column":3}}},"3":{"name":"(anonymous_13)","decl":{"start":{"line":30,"column":2},"end":{"line":30,"column":8}},"loc":{"start":{"line":30,"column":8},"end":{"line":45,"column":3}}}},"branchMap":{"0":{"loc":{"start":{"line":16,"column":18},"end":{"line":16,"column":58}},"type":"binary-expr","locations":[{"start":{"line":16,"column":18},"end":{"line":16,"column":52}},{"start":{"line":16,"column":56},"end":{"line":16,"column":58}}]}},"s":{"0":2,"1":2,"2":7,"3":7,"4":20,"5":7,"6":1,"7":1,"8":1,"9":7,"10":39,"11":2},"f":{"0":7,"1":20,"2":1,"3":39},"b":{"0":[7,6]}}
}
